<?xml version="1.0" encoding="UTF-8"?>
<!-- Generated by org.testng.reporters.JUnitXMLReporter -->
<testsuite hostname="PVBMPRL0703" ignored="0" name="EregAutomationSanity" tests="5" failures="0" timestamp="21 Dec 2018 19:59:38 GMT" time="3.968" errors="0">
  <testcase name="@BeforeTest setupTest" time="0.001" classname="com.practicevelocity.seleniumEregTests.StartRegistrationIsThisEmergencyYesTest">
    <failure type="java.lang.NullPointerException">
      <![CDATA[java.lang.NullPointerException
at com.practicevelocity.seleniumEregTests.StartRegistrationIsThisEmergencyYesTest.setupTest(StartRegistrationIsThisEmergencyYesTest.java:58)
... Removed 24 stack frames]]>
    </failure>
  </testcase> <!-- @BeforeTest setupTest -->
  <testcase name="@BeforeTest setUp" time="0.0" classname="com.practicevelocity.seleniumEregTests.StartandAbortEregistrationTest">
    <skipped/>
  </testcase> <!-- @BeforeTest setUp -->
  <testcase name="@AfterTest teardownTest" time="0.0" classname="com.practicevelocity.seleniumEregTests.EregPatientInfoVerificationTest">
    <skipped/>
  </testcase> <!-- @AfterTest teardownTest -->
  <testcase name="@AfterTest teardownTest" time="0.0" classname="com.practicevelocity.seleniumEregTests.EregPinAPICheck">
    <skipped/>
  </testcase> <!-- @AfterTest teardownTest -->
  <testcase name="@AfterTest tearDown" time="0.0" classname="com.practicevelocity.seleniumEregTests.PatientIdInsuranceCardPhotoYes">
    <skipped/>
  </testcase> <!-- @AfterTest tearDown -->
  <testcase name="@AfterTest tearDown" time="0.0" classname="com.practicevelocity.seleniumEregTests.StartRegistrationIsThisEmergencyYesTest">
    <skipped/>
  </testcase> <!-- @AfterTest tearDown -->
  <testcase name="@AfterTest tearDown" time="0.0" classname="com.practicevelocity.seleniumEregTests.StartandAbortEregistrationTest">
    <skipped/>
  </testcase> <!-- @AfterTest tearDown -->
  <testcase name="eRegAbortSession" time="0.0" classname="com.practicevelocity.seleniumEregTests.StartandAbortEregistrationTest">
    <skipped/>
  </testcase> <!-- eRegAbortSession -->
  <testcase name="RestApiSignPin" time="0.0" classname="com.practicevelocity.seleniumEregTests.EregPinAPICheck">
    <skipped/>
  </testcase> <!-- RestApiSignPin -->
  <testcase name="EregIsThisEmergencyYes" time="0.0" classname="com.practicevelocity.seleniumEregTests.StartRegistrationIsThisEmergencyYesTest">
    <skipped/>
  </testcase> <!-- EregIsThisEmergencyYes -->
  <testcase name="PatientIDInsCardYes" time="0.0" classname="com.practicevelocity.seleniumEregTests.PatientIdInsuranceCardPhotoYes">
    <skipped/>
  </testcase> <!-- PatientIDInsCardYes -->
  <testcase name="PatientInfoValid" time="0.0" classname="com.practicevelocity.seleniumEregTests.EregPatientInfoVerificationTest">
    <skipped/>
  </testcase> <!-- PatientInfoValid -->
</testsuite> <!-- EregAutomationSanity -->
